2017-10-19 19:52:03,369 orm.py[21] INFO create database connection pool...
2017-10-19 19:52:03,375 init.py[55] INFO init jinja2...
2017-10-19 19:52:03,399 app.py[33] INFO server started at http://127.0.0.1:9000...
2017-10-19 19:53:35,914 orm.py[21] INFO create database connection pool...
2017-10-19 19:53:35,933 init.py[55] INFO init jinja2...
2017-10-19 19:53:35,961 app.py[33] INFO server started at http://127.0.0.1:9000...
2017-10-19 19:54:31,771 orm.py[21] INFO create database connection pool...
2017-10-19 19:54:31,777 init.py[55] INFO init jinja2...
2017-10-19 19:54:31,777 init.py[56] DEBUG set jinja2 template path: D:\dev\workspace\python\awesome-py3-webapp\www\templates
2017-10-19 19:54:31,781 init.py[50] DEBUG jinja2 add filter: datetime
2017-10-19 19:54:31,787 coroweb.py[187] DEBUG add route GET /api/blogs => api_blogs(page)
2017-10-19 19:54:31,788 coroweb.py[187] DEBUG add route GET /api/comments => api_comments(page)
2017-10-19 19:54:31,788 coroweb.py[187] DEBUG add route POST /api/blogs => api_create_blog(request,name,summary,content)
2017-10-19 19:54:31,789 coroweb.py[187] DEBUG add route POST /api/blogs/{id}/comments => api_create_comment(id,request,content)
2017-10-19 19:54:31,790 coroweb.py[187] DEBUG add route POST /api/blogs/{id}/delete => api_delete_blog(request,id)
2017-10-19 19:54:31,792 coroweb.py[187] DEBUG add route POST /api/comments/{id}/delete => api_delete_comments(id,request)
2017-10-19 19:54:31,793 coroweb.py[187] DEBUG add route GET /api/blogs/{id} => api_get_blog(id)
2017-10-19 19:54:31,794 coroweb.py[187] DEBUG add route GET /api/users => api_get_users(page)
2017-10-19 19:54:31,795 coroweb.py[187] DEBUG add route POST /api/users => api_register_user(email,name,passwd)
2017-10-19 19:54:31,795 coroweb.py[187] DEBUG add route POST /api/blogs/{id} => api_update_blog(id,request,name,summary,content)
2017-10-19 19:54:31,796 coroweb.py[187] DEBUG add route POST /api/authenticate => authenticate(email,passwd)
2017-10-19 19:54:31,797 coroweb.py[187] DEBUG add route GET /blog/{id} => get_blog(id)
2017-10-19 19:54:31,798 coroweb.py[187] DEBUG add route GET / => index(page)
2017-10-19 19:54:31,799 coroweb.py[187] DEBUG add route GET /manage/ => manage()
2017-10-19 19:54:31,799 coroweb.py[187] DEBUG add route GET /manage/blogs => manage_blogs(page)
2017-10-19 19:54:31,800 coroweb.py[187] DEBUG add route GET /manage/comments => manage_comments(page)
2017-10-19 19:54:31,801 coroweb.py[187] DEBUG add route GET /manage/blogs/create => manage_create_blog()
2017-10-19 19:54:31,801 coroweb.py[187] DEBUG add route GET /manage/blogs/edit => manage_edit_blog(id)
2017-10-19 19:54:31,802 coroweb.py[187] DEBUG add route GET /manage/users => manage_users(page)
2017-10-19 19:54:31,802 coroweb.py[187] DEBUG add route GET /register => register()
2017-10-19 19:54:31,803 coroweb.py[187] DEBUG add route GET /signin => signin()
2017-10-19 19:54:31,804 coroweb.py[187] DEBUG add route GET /signout => signout(request)
2017-10-19 19:54:31,805 coroweb.py[176] DEBUG add static /static/ => D:\dev\workspace\python\awesome-py3-webapp\www\static
2017-10-19 19:54:31,806 app.py[33] INFO server started at http://127.0.0.1:9000...
2017-10-19 19:56:34,122 orm.py[21] INFO create database connection pool...
2017-10-19 19:56:34,128 init.py[55] INFO init jinja2...
2017-10-19 19:56:34,128 init.py[56] DEBUG set jinja2 template path: D:\dev\workspace\python\awesome-py3-webapp\www\templates
2017-10-19 19:56:34,133 init.py[50] DEBUG jinja2 add filter: datetime
2017-10-19 19:56:34,138 coroweb.py[187] DEBUG add route GET /api/blogs => api_blogs(page)
2017-10-19 19:56:34,139 coroweb.py[187] DEBUG add route GET /api/comments => api_comments(page)
2017-10-19 19:56:34,140 coroweb.py[187] DEBUG add route POST /api/blogs => api_create_blog(request,name,summary,content)
2017-10-19 19:56:34,141 coroweb.py[187] DEBUG add route POST /api/blogs/{id}/comments => api_create_comment(id,request,content)
2017-10-19 19:56:34,142 coroweb.py[187] DEBUG add route POST /api/blogs/{id}/delete => api_delete_blog(request,id)
2017-10-19 19:56:34,143 coroweb.py[187] DEBUG add route POST /api/comments/{id}/delete => api_delete_comments(id,request)
2017-10-19 19:56:34,145 coroweb.py[187] DEBUG add route GET /api/blogs/{id} => api_get_blog(id)
2017-10-19 19:56:34,146 coroweb.py[187] DEBUG add route GET /api/users => api_get_users(page)
2017-10-19 19:56:34,146 coroweb.py[187] DEBUG add route POST /api/users => api_register_user(email,name,passwd)
2017-10-19 19:56:34,147 coroweb.py[187] DEBUG add route POST /api/blogs/{id} => api_update_blog(id,request,name,summary,content)
2017-10-19 19:56:34,148 coroweb.py[187] DEBUG add route POST /api/authenticate => authenticate(email,passwd)
2017-10-19 19:56:34,149 coroweb.py[187] DEBUG add route GET /blog/{id} => get_blog(id)
2017-10-19 19:56:34,150 coroweb.py[187] DEBUG add route GET / => index(page)
2017-10-19 19:56:34,150 coroweb.py[187] DEBUG add route GET /manage/ => manage()
2017-10-19 19:56:34,151 coroweb.py[187] DEBUG add route GET /manage/blogs => manage_blogs(page)
2017-10-19 19:56:34,152 coroweb.py[187] DEBUG add route GET /manage/comments => manage_comments(page)
2017-10-19 19:56:34,152 coroweb.py[187] DEBUG add route GET /manage/blogs/create => manage_create_blog()
2017-10-19 19:56:34,153 coroweb.py[187] DEBUG add route GET /manage/blogs/edit => manage_edit_blog(id)
2017-10-19 19:56:34,154 coroweb.py[187] DEBUG add route GET /manage/users => manage_users(page)
2017-10-19 19:56:34,154 coroweb.py[187] DEBUG add route GET /register => register()
2017-10-19 19:56:34,155 coroweb.py[187] DEBUG add route GET /signin => signin()
2017-10-19 19:56:34,156 coroweb.py[187] DEBUG add route GET /signout => signout(request)
2017-10-19 19:56:34,157 coroweb.py[176] DEBUG add static /static/ => D:\dev\workspace\python\awesome-py3-webapp\www\static
2017-10-19 19:56:34,158 app.py[33] INFO server started at http://127.0.0.1:9000...
2017-10-19 19:57:33,530 orm.py[21] INFO create database connection pool...
2017-10-19 19:57:33,536 init.py[55] INFO init jinja2...
2017-10-19 19:57:33,560 app.py[33] INFO server started at http://127.0.0.1:9000...
